<?xml version="1.0" encoding="UTF-8"?>
<!-- Generated by org.testng.reporters.JUnitXMLReporter -->
<testsuite ignored="0" hostname="LAPTOP-TFCKF6S6" failures="0" tests="3" name="Default test" time="5.774" errors="0" timestamp="2022-02-27T14:51:40 SGT">
  <testcase classname="LoginSevletTest" name="testLoginWithCorrectCredentials" time="3.214"/>
  <testcase classname="LoginSevletTest" name="testLoginWithWrongEmail" time="0.189"/>
  <testcase classname="LoginSevletTest" name="testLoginWithWrongPassword" time="0.194"/>
</testsuite> <!-- Default test -->
